[2025-06-08 15:34:40Z INFO HostContext] No proxy settings were found based on environmental variables (http_proxy/https_proxy/HTTP_PROXY/HTTPS_PROXY)
[2025-06-08 15:34:40Z INFO HostContext] Well known directory 'Bin': '/Users/mkuma929/learning/Auto_job_applier_linkedIn/actions-runner/bin'
[2025-06-08 15:34:40Z INFO HostContext] Well known directory 'Root': '/Users/mkuma929/learning/Auto_job_applier_linkedIn/actions-runner'
[2025-06-08 15:34:40Z INFO HostContext] Well known config file 'Credentials': '/Users/mkuma929/learning/Auto_job_applier_linkedIn/actions-runner/.credentials'
[2025-06-08 15:34:40Z INFO HostContext] Well known directory 'Bin': '/Users/mkuma929/learning/Auto_job_applier_linkedIn/actions-runner/bin'
[2025-06-08 15:34:40Z INFO HostContext] Well known directory 'Root': '/Users/mkuma929/learning/Auto_job_applier_linkedIn/actions-runner'
[2025-06-08 15:34:40Z INFO HostContext] Well known config file 'Runner': '/Users/mkuma929/learning/Auto_job_applier_linkedIn/actions-runner/.runner'
[2025-06-08 15:34:40Z INFO Listener] Runner is built for OSX (X64) - osx-x64.
[2025-06-08 15:34:40Z INFO Listener] RuntimeInformation: Darwin 24.5.0 Darwin Kernel Version 24.5.0: Tue Apr 22 19:52:00 PDT 2025; root:xnu-11417.121.6~2/RELEASE_ARM64_T6031.
[2025-06-08 15:34:40Z INFO Listener] Version: 2.325.0
[2025-06-08 15:34:40Z INFO Listener] Commit: 71ed7cd46223bd5d61633445946813012b502d54
[2025-06-08 15:34:40Z INFO Listener] Culture: en-US
[2025-06-08 15:34:40Z INFO Listener] UI Culture: en-US
[2025-06-08 15:34:40Z INFO HostContext] Well known directory 'Bin': '/Users/mkuma929/learning/Auto_job_applier_linkedIn/actions-runner/bin'
[2025-06-08 15:34:40Z INFO HostContext] Well known directory 'Root': '/Users/mkuma929/learning/Auto_job_applier_linkedIn/actions-runner'
[2025-06-08 15:34:40Z INFO Listener] Validating directory permissions for: '/Users/mkuma929/learning/Auto_job_applier_linkedIn/actions-runner'
[2025-06-08 15:34:40Z INFO CommandLineParser] Parse
[2025-06-08 15:34:40Z INFO CommandLineParser] Parsing 5 args
[2025-06-08 15:34:40Z INFO CommandLineParser] parsing argument
[2025-06-08 15:34:40Z INFO CommandLineParser] HasArgs: False
[2025-06-08 15:34:40Z INFO CommandLineParser] Adding Command: configure
[2025-06-08 15:34:40Z INFO CommandLineParser] parsing argument
[2025-06-08 15:34:40Z INFO CommandLineParser] HasArgs: True
[2025-06-08 15:34:40Z INFO CommandLineParser] arg: url
[2025-06-08 15:34:40Z INFO CommandLineParser] parsing argument
[2025-06-08 15:34:40Z INFO CommandLineParser] HasArgs: True
[2025-06-08 15:34:40Z INFO CommandLineParser] Adding option 'url': 'https://github.com/manish70158/LinkedJobApply'
[2025-06-08 15:34:40Z INFO CommandLineParser] parsing argument
[2025-06-08 15:34:40Z INFO CommandLineParser] HasArgs: True
[2025-06-08 15:34:40Z INFO CommandLineParser] arg: token
[2025-06-08 15:34:40Z INFO CommandLineParser] parsing argument
[2025-06-08 15:34:40Z INFO CommandLineParser] HasArgs: True
[2025-06-08 15:34:40Z INFO CommandLineParser] Adding option 'token': '***'
[2025-06-08 15:34:40Z INFO Listener] Arguments parsed
[2025-06-08 15:34:40Z INFO Runner] ExecuteCommand
[2025-06-08 15:34:40Z INFO ConfigurationStore] currentAssemblyLocation: /Users/mkuma929/learning/Auto_job_applier_linkedIn/actions-runner/bin/Runner.Listener.dll
[2025-06-08 15:34:40Z INFO HostContext] Well known directory 'Bin': '/Users/mkuma929/learning/Auto_job_applier_linkedIn/actions-runner/bin'
[2025-06-08 15:34:40Z INFO ConfigurationStore] binPath: /Users/mkuma929/learning/Auto_job_applier_linkedIn/actions-runner/bin
[2025-06-08 15:34:40Z INFO HostContext] Well known directory 'Bin': '/Users/mkuma929/learning/Auto_job_applier_linkedIn/actions-runner/bin'
[2025-06-08 15:34:40Z INFO HostContext] Well known directory 'Root': '/Users/mkuma929/learning/Auto_job_applier_linkedIn/actions-runner'
[2025-06-08 15:34:40Z INFO ConfigurationStore] RootFolder: /Users/mkuma929/learning/Auto_job_applier_linkedIn/actions-runner
[2025-06-08 15:34:40Z INFO HostContext] Well known directory 'Bin': '/Users/mkuma929/learning/Auto_job_applier_linkedIn/actions-runner/bin'
[2025-06-08 15:34:40Z INFO HostContext] Well known directory 'Root': '/Users/mkuma929/learning/Auto_job_applier_linkedIn/actions-runner'
[2025-06-08 15:34:40Z INFO HostContext] Well known config file 'Runner': '/Users/mkuma929/learning/Auto_job_applier_linkedIn/actions-runner/.runner'
[2025-06-08 15:34:40Z INFO ConfigurationStore] ConfigFilePath: /Users/mkuma929/learning/Auto_job_applier_linkedIn/actions-runner/.runner
[2025-06-08 15:34:40Z INFO HostContext] Well known directory 'Bin': '/Users/mkuma929/learning/Auto_job_applier_linkedIn/actions-runner/bin'
[2025-06-08 15:34:40Z INFO HostContext] Well known directory 'Root': '/Users/mkuma929/learning/Auto_job_applier_linkedIn/actions-runner'
[2025-06-08 15:34:40Z INFO HostContext] Well known config file 'MigratedRunner': '/Users/mkuma929/learning/Auto_job_applier_linkedIn/actions-runner/.runner_migrated'
[2025-06-08 15:34:40Z INFO ConfigurationStore] MigratedConfigFilePath: /Users/mkuma929/learning/Auto_job_applier_linkedIn/actions-runner/.runner_migrated
[2025-06-08 15:34:40Z INFO HostContext] Well known directory 'Bin': '/Users/mkuma929/learning/Auto_job_applier_linkedIn/actions-runner/bin'
[2025-06-08 15:34:40Z INFO HostContext] Well known directory 'Root': '/Users/mkuma929/learning/Auto_job_applier_linkedIn/actions-runner'
[2025-06-08 15:34:40Z INFO HostContext] Well known config file 'Credentials': '/Users/mkuma929/learning/Auto_job_applier_linkedIn/actions-runner/.credentials'
[2025-06-08 15:34:40Z INFO ConfigurationStore] CredFilePath: /Users/mkuma929/learning/Auto_job_applier_linkedIn/actions-runner/.credentials
[2025-06-08 15:34:40Z INFO HostContext] Well known directory 'Bin': '/Users/mkuma929/learning/Auto_job_applier_linkedIn/actions-runner/bin'
[2025-06-08 15:34:40Z INFO HostContext] Well known directory 'Root': '/Users/mkuma929/learning/Auto_job_applier_linkedIn/actions-runner'
[2025-06-08 15:34:40Z INFO HostContext] Well known config file 'MigratedCredentials': '/Users/mkuma929/learning/Auto_job_applier_linkedIn/actions-runner/.credentials_migrated'
[2025-06-08 15:34:40Z INFO ConfigurationStore] MigratedCredFilePath: /Users/mkuma929/learning/Auto_job_applier_linkedIn/actions-runner/.credentials_migrated
[2025-06-08 15:34:40Z INFO HostContext] Well known directory 'Bin': '/Users/mkuma929/learning/Auto_job_applier_linkedIn/actions-runner/bin'
[2025-06-08 15:34:40Z INFO HostContext] Well known directory 'Root': '/Users/mkuma929/learning/Auto_job_applier_linkedIn/actions-runner'
[2025-06-08 15:34:40Z INFO HostContext] Well known config file 'Service': '/Users/mkuma929/learning/Auto_job_applier_linkedIn/actions-runner/.service'
[2025-06-08 15:34:40Z INFO ConfigurationStore] ServiceConfigFilePath: /Users/mkuma929/learning/Auto_job_applier_linkedIn/actions-runner/.service
[2025-06-08 15:34:40Z INFO CommandSettings] Flag 'help': 'False'
[2025-06-08 15:34:40Z INFO CommandSettings] Flag 'version': 'False'
[2025-06-08 15:34:40Z INFO CommandSettings] Flag 'commit': 'False'
[2025-06-08 15:34:40Z INFO CommandSettings] Flag 'check': 'False'
[2025-06-08 15:34:40Z INFO CommandSettings] Command 'configure': 'True'
[2025-06-08 15:34:40Z INFO Terminal] WRITE LINE: 
[2025-06-08 15:34:40Z INFO Terminal] WRITE LINE: --------------------------------------------------------------------------------
[2025-06-08 15:34:40Z INFO Terminal] WRITE LINE: |        ____ _ _   _   _       _          _        _   _                      |
[2025-06-08 15:34:40Z INFO Terminal] WRITE LINE: |       / ___(_) |_| | | |_   _| |__      / \   ___| |_(_) ___  _ __  ___      |
[2025-06-08 15:34:40Z INFO Terminal] WRITE LINE: |      | |  _| | __| |_| | | | | '_ \    / _ \ / __| __| |/ _ \| '_ \/ __|     |
[2025-06-08 15:34:40Z INFO Terminal] WRITE LINE: |      | |_| | | |_|  _  | |_| | |_) |  / ___ \ (__| |_| | (_) | | | \__ \     |
[2025-06-08 15:34:40Z INFO Terminal] WRITE LINE: |       \____|_|\__|_| |_|\__,_|_.__/  /_/   \_\___|\__|_|\___/|_| |_|___/     |
[2025-06-08 15:34:40Z INFO Terminal] WRITE LINE: |                                                                              |
[2025-06-08 15:34:40Z INFO Terminal] WRITE: |                       
[2025-06-08 15:34:40Z INFO Terminal] WRITE: Self-hosted runner registration
[2025-06-08 15:34:40Z INFO Terminal] WRITE LINE:                         |
[2025-06-08 15:34:40Z INFO Terminal] WRITE LINE: |                                                                              |
[2025-06-08 15:34:40Z INFO Terminal] WRITE LINE: --------------------------------------------------------------------------------
[2025-06-08 15:34:40Z INFO ConfigurationManager] ConfigureAsync
[2025-06-08 15:34:40Z INFO CommandSettings] Flag 'generateServiceConfig': 'False'
[2025-06-08 15:34:40Z INFO ConfigurationStore] IsConfigured()
[2025-06-08 15:34:40Z INFO ConfigurationStore] IsConfigured: False
[2025-06-08 15:34:40Z INFO ConfigurationManager] Is configured: False
[2025-06-08 15:34:40Z INFO CommandSettings] Arg 'url': 'https://github.com/manish70158/LinkedJobApply'
[2025-06-08 15:34:40Z INFO CommandSettings] Remove url from Arg dictionary.
[2025-06-08 15:34:40Z INFO CommandSettings] Arg 'token': '***'
[2025-06-08 15:34:40Z INFO CommandSettings] Remove token from Arg dictionary.
[2025-06-08 15:34:48Z INFO ConfigurationManager] Http response code: OK from 'POST https://api.github.com/actions/runner-registration' (23AD:3FAD02:343320:4A9C9E:6845AD97)
[2025-06-08 15:34:48Z INFO ConfigurationManager] Using V2 flow: False
[2025-06-08 15:34:48Z INFO ConfigurationManager] cred retrieved via GitHub auth
[2025-06-08 15:34:48Z INFO RunnerServer] EstablishVssConnection
[2025-06-08 15:34:48Z INFO RunnerServer] Establish connection with 100 seconds timeout.
[2025-06-08 15:34:49Z INFO GitHubActionsService] Starting operation Location.GetConnectionData
[2025-06-08 15:34:49Z INFO RunnerServer] EstablishVssConnection
[2025-06-08 15:34:49Z INFO RunnerServer] Establish connection with 60 seconds timeout.
[2025-06-08 15:34:49Z INFO GitHubActionsService] Starting operation Location.GetConnectionData
[2025-06-08 15:34:49Z INFO RunnerServer] EstablishVssConnection
[2025-06-08 15:34:49Z INFO RunnerServer] Establish connection with 60 seconds timeout.
[2025-06-08 15:34:49Z INFO GitHubActionsService] Starting operation Location.GetConnectionData
[2025-06-08 15:34:52Z INFO GitHubActionsService] Finished operation Location.GetConnectionData
[2025-06-08 15:34:52Z INFO GitHubActionsService] Finished operation Location.GetConnectionData
[2025-06-08 15:34:52Z INFO GitHubActionsService] Finished operation Location.GetConnectionData
[2025-06-08 15:34:52Z INFO Terminal] WRITE LINE: 
[2025-06-08 15:34:52Z INFO ConfigurationManager] Test Connection complete.
[2025-06-08 15:34:52Z INFO HostContext] Well known directory 'Bin': '/Users/mkuma929/learning/Auto_job_applier_linkedIn/actions-runner/bin'
[2025-06-08 15:34:52Z INFO HostContext] Well known directory 'Root': '/Users/mkuma929/learning/Auto_job_applier_linkedIn/actions-runner'
[2025-06-08 15:34:52Z INFO HostContext] Well known config file 'RSACredentials': '/Users/mkuma929/learning/Auto_job_applier_linkedIn/actions-runner/.credentials_rsaparams'
[2025-06-08 15:34:52Z INFO RSAFileKeyManager] Creating new RSA key using 2048-bit key length
[2025-06-08 15:34:52Z INFO RSAFileKeyManager] Successfully saved RSA key parameters to file /Users/mkuma929/learning/Auto_job_applier_linkedIn/actions-runner/.credentials_rsaparams
[2025-06-08 15:34:52Z INFO RSAFileKeyManager] Which2: 'chmod'
[2025-06-08 15:34:52Z INFO RSAFileKeyManager] Location: '/bin/chmod'
[2025-06-08 15:34:53Z INFO HostContext] Well known directory 'Bin': '/Users/mkuma929/learning/Auto_job_applier_linkedIn/actions-runner/bin'
[2025-06-08 15:34:53Z INFO HostContext] Well known directory 'Root': '/Users/mkuma929/learning/Auto_job_applier_linkedIn/actions-runner'
[2025-06-08 15:34:53Z INFO ProcessInvokerWrapper] Starting process:
[2025-06-08 15:34:53Z INFO ProcessInvokerWrapper]   File name: '/bin/chmod'
[2025-06-08 15:34:53Z INFO ProcessInvokerWrapper]   Arguments: '600 /Users/mkuma929/learning/Auto_job_applier_linkedIn/actions-runner/.credentials_rsaparams'
[2025-06-08 15:34:53Z INFO ProcessInvokerWrapper]   Working directory: '/Users/mkuma929/learning/Auto_job_applier_linkedIn/actions-runner'
[2025-06-08 15:34:53Z INFO ProcessInvokerWrapper]   Require exit code zero: 'False'
[2025-06-08 15:34:53Z INFO ProcessInvokerWrapper]   Encoding web name:  ; code page: ''
[2025-06-08 15:34:53Z INFO ProcessInvokerWrapper]   Force kill process on cancellation: 'False'
[2025-06-08 15:34:53Z INFO ProcessInvokerWrapper]   Redirected STDIN: 'False'
[2025-06-08 15:34:53Z INFO ProcessInvokerWrapper]   Persist current code page: 'False'
[2025-06-08 15:34:53Z INFO ProcessInvokerWrapper]   Keep redirected STDIN open: 'False'
[2025-06-08 15:34:53Z INFO ProcessInvokerWrapper]   High priority process: 'False'
[2025-06-08 15:34:53Z INFO ProcessInvokerWrapper] Process started with process id 86478, waiting for process exit.
[2025-06-08 15:34:53Z INFO ProcessInvokerWrapper] STDOUT/STDERR stream read finished.
[2025-06-08 15:34:53Z INFO ProcessInvokerWrapper] STDOUT/STDERR stream read finished.
[2025-06-08 15:34:53Z INFO ProcessInvokerWrapper] Finished process 86478 with exit code 0, and elapsed time 00:00:00.3505742.
[2025-06-08 15:34:53Z INFO RSAFileKeyManager] Successfully set permissions for RSA key parameters file /Users/mkuma929/learning/Auto_job_applier_linkedIn/actions-runner/.credentials_rsaparams
[2025-06-08 15:34:53Z INFO CommandSettings] Arg 'runnergroup': ''
[2025-06-08 15:34:53Z INFO CommandSettings] Flag 'unattended': 'False'
[2025-06-08 15:34:53Z INFO PromptManager] ReadValue
[2025-06-08 15:34:53Z INFO Terminal] WRITE: Enter the name of the runner group to add this runner to: 
[2025-06-08 15:34:53Z INFO Terminal] WRITE: [press Enter for Default] 
[2025-06-08 15:34:53Z INFO Terminal] READ LINE
[2025-06-08 15:35:18Z INFO Terminal] Read value: ''
[2025-06-08 15:35:18Z INFO PromptManager] Falling back to the default: 'Default'
[2025-06-08 15:35:18Z INFO Terminal] WRITE LINE: 
[2025-06-08 15:35:18Z INFO ConfigurationManager] Found a self-hosted runner group with id 1 and name Default
[2025-06-08 15:35:18Z INFO CommandSettings] Flag 'disableupdate': 'False'
[2025-06-08 15:35:18Z INFO CommandSettings] Flag 'ephemeral': 'False'
[2025-06-08 15:35:18Z INFO CommandSettings] Arg 'name': ''
[2025-06-08 15:35:18Z INFO CommandSettings] Flag 'unattended': 'False'
[2025-06-08 15:35:18Z INFO PromptManager] ReadValue
[2025-06-08 15:35:18Z INFO Terminal] WRITE: Enter the name of runner: 
[2025-06-08 15:35:18Z INFO Terminal] WRITE: [press Enter for LAMU0G9P3H6JPGW] 
[2025-06-08 15:35:18Z INFO Terminal] READ LINE
[2025-06-08 15:35:21Z INFO Terminal] Read value: ''
[2025-06-08 15:35:21Z INFO PromptManager] Falling back to the default: 'LAMU0G9P3H6JPGW'
[2025-06-08 15:35:21Z INFO Terminal] WRITE LINE: 
[2025-06-08 15:35:21Z INFO CommandSettings] Arg 'labels': ''
[2025-06-08 15:35:21Z INFO CommandSettings] Flag 'unattended': 'False'
[2025-06-08 15:35:21Z INFO PromptManager] ReadValue
[2025-06-08 15:35:21Z INFO Terminal] WRITE: This runner will have the following labels: 'self-hosted', 'macOS', 'X64' 
Enter any additional labels (ex. label-1,label-2): 
[2025-06-08 15:35:21Z INFO Terminal] WRITE: [press Enter to skip] 
[2025-06-08 15:35:21Z INFO Terminal] READ LINE
[2025-06-08 15:35:22Z INFO Terminal] Read value: ''
[2025-06-08 15:35:22Z INFO Terminal] WRITE LINE: 
[2025-06-08 15:35:22Z INFO CommandSettings] Flag 'disableupdate': 'False'
[2025-06-08 15:35:22Z INFO CommandSettings] Flag 'no-default-labels': 'False'
[2025-06-08 15:35:23Z INFO CommandSettings] Flag 'disableupdate': 'False'
[2025-06-08 15:35:23Z INFO CommandSettings] Flag 'ephemeral': 'False'
[2025-06-08 15:35:23Z INFO ConfigurationStore] Saving OAuth credential @ /Users/mkuma929/learning/Auto_job_applier_linkedIn/actions-runner/.credentials
[2025-06-08 15:35:23Z INFO ConfigurationStore] Credentials Saved.
[2025-06-08 15:35:23Z INFO ConfigurationStore] HasCredentials()
[2025-06-08 15:35:23Z INFO ConfigurationStore] stored True
[2025-06-08 15:35:23Z INFO CredentialManager] GetCredentialProvider
[2025-06-08 15:35:23Z INFO CredentialManager] Creating type OAuth
[2025-06-08 15:35:23Z INFO CredentialManager] Creating credential type: OAuth
[2025-06-08 15:35:23Z INFO RSAFileKeyManager] Loading RSA key parameters from file /Users/mkuma929/learning/Auto_job_applier_linkedIn/actions-runner/.credentials_rsaparams
[2025-06-08 15:35:23Z INFO RunnerServer] EstablishVssConnection
[2025-06-08 15:35:23Z INFO RunnerServer] Establish connection with 100 seconds timeout.
[2025-06-08 15:35:23Z INFO GitHubActionsService] Starting operation Location.GetConnectionData
[2025-06-08 15:35:23Z INFO RunnerServer] EstablishVssConnection
[2025-06-08 15:35:23Z INFO RunnerServer] Establish connection with 60 seconds timeout.
[2025-06-08 15:35:23Z INFO GitHubActionsService] Starting operation Location.GetConnectionData
[2025-06-08 15:35:23Z INFO RunnerServer] EstablishVssConnection
[2025-06-08 15:35:23Z INFO RunnerServer] Establish connection with 60 seconds timeout.
[2025-06-08 15:35:23Z INFO GitHubActionsService] Starting operation Location.GetConnectionData
[2025-06-08 15:35:25Z INFO GitHubActionsService] Finished operation Location.GetConnectionData
[2025-06-08 15:35:25Z INFO GitHubActionsService] Finished operation Location.GetConnectionData
[2025-06-08 15:35:25Z INFO GitHubActionsService] Finished operation Location.GetConnectionData
[2025-06-08 15:35:25Z INFO RSAFileKeyManager] Loading RSA key parameters from file /Users/mkuma929/learning/Auto_job_applier_linkedIn/actions-runner/.credentials_rsaparams
[2025-06-08 15:35:25Z INFO RSAFileKeyManager] Loading RSA key parameters from file /Users/mkuma929/learning/Auto_job_applier_linkedIn/actions-runner/.credentials_rsaparams
[2025-06-08 15:35:27Z INFO GitHubActionsService] AAD Correlation ID for this token request: Unknown
[2025-06-08 15:35:27Z INFO ConfigurationManager] Service enforced serverUrlV2: https://broker.actions.githubusercontent.com/
[2025-06-08 15:35:27Z INFO ConfigurationManager] Service enforced useV2Flow: True
[2025-06-08 15:35:27Z INFO CommandSettings] Arg 'work': ''
[2025-06-08 15:35:27Z INFO CommandSettings] Flag 'unattended': 'False'
[2025-06-08 15:35:27Z INFO PromptManager] ReadValue
[2025-06-08 15:35:27Z INFO Terminal] WRITE: Enter name of work folder: 
[2025-06-08 15:35:27Z INFO Terminal] WRITE: [press Enter for _work] 
[2025-06-08 15:35:27Z INFO Terminal] READ LINE
[2025-06-08 15:35:32Z INFO Terminal] Read value: './run.sh'
[2025-06-08 15:35:32Z INFO ConfigurationStore] Saving runner settings.
[2025-06-08 15:35:32Z INFO ConfigurationStore] Settings Saved.
[2025-06-08 15:35:32Z INFO Terminal] WRITE LINE: 
[2025-06-08 15:35:32Z INFO Terminal] WRITE LINE: 
[2025-06-08 15:35:32Z INFO OsxServiceControlManager] Service name 'actions.runner.manish70158-LinkedJobApply.LAMU0G9P3H6JPGW' display name 'GitHub Actions Runner (manish70158-LinkedJobApply.LAMU0G9P3H6JPGW)' will be used for service configuration.
[2025-06-08 15:35:32Z INFO HostContext] Well known directory 'Bin': '/Users/mkuma929/learning/Auto_job_applier_linkedIn/actions-runner/bin'
[2025-06-08 15:35:32Z INFO HostContext] Well known directory 'Root': '/Users/mkuma929/learning/Auto_job_applier_linkedIn/actions-runner'
[2025-06-08 15:35:32Z INFO HostContext] Well known directory 'Bin': '/Users/mkuma929/learning/Auto_job_applier_linkedIn/actions-runner/bin'
[2025-06-08 15:35:32Z INFO HostContext] Well known directory 'Bin': '/Users/mkuma929/learning/Auto_job_applier_linkedIn/actions-runner/bin'
[2025-06-08 15:35:32Z INFO HostContext] Well known directory 'Root': '/Users/mkuma929/learning/Auto_job_applier_linkedIn/actions-runner'
[2025-06-08 15:35:32Z INFO UnixUtil] Which2: 'chmod'
[2025-06-08 15:35:32Z INFO UnixUtil] Location: '/bin/chmod'
[2025-06-08 15:35:32Z INFO UnixUtil] Running /bin/chmod 755 "/Users/mkuma929/learning/Auto_job_applier_linkedIn/actions-runner/svc.sh"
[2025-06-08 15:35:32Z INFO ProcessInvokerWrapper] Starting process:
[2025-06-08 15:35:32Z INFO ProcessInvokerWrapper]   File name: '/bin/chmod'
[2025-06-08 15:35:32Z INFO ProcessInvokerWrapper]   Arguments: '755 "/Users/mkuma929/learning/Auto_job_applier_linkedIn/actions-runner/svc.sh"'
[2025-06-08 15:35:32Z INFO ProcessInvokerWrapper]   Working directory: '/Users/mkuma929/learning/Auto_job_applier_linkedIn/actions-runner'
[2025-06-08 15:35:32Z INFO ProcessInvokerWrapper]   Require exit code zero: 'True'
[2025-06-08 15:35:32Z INFO ProcessInvokerWrapper]   Encoding web name:  ; code page: ''
[2025-06-08 15:35:32Z INFO ProcessInvokerWrapper]   Force kill process on cancellation: 'False'
[2025-06-08 15:35:32Z INFO ProcessInvokerWrapper]   Redirected STDIN: 'False'
[2025-06-08 15:35:32Z INFO ProcessInvokerWrapper]   Persist current code page: 'False'
[2025-06-08 15:35:32Z INFO ProcessInvokerWrapper]   Keep redirected STDIN open: 'False'
[2025-06-08 15:35:32Z INFO ProcessInvokerWrapper]   High priority process: 'False'
[2025-06-08 15:35:32Z INFO ProcessInvokerWrapper] Process started with process id 86851, waiting for process exit.
[2025-06-08 15:35:32Z INFO ProcessInvokerWrapper] STDOUT/STDERR stream read finished.
[2025-06-08 15:35:32Z INFO ProcessInvokerWrapper] STDOUT/STDERR stream read finished.
[2025-06-08 15:35:32Z INFO ProcessInvokerWrapper] Finished process 86851 with exit code 0, and elapsed time 00:00:00.0303620.
[2025-06-08 15:35:32Z INFO Listener] Runner execution has finished with return code 0
