[2025-06-08 15:50:01Z INFO HostContext] No proxy settings were found based on environmental variables (http_proxy/https_proxy/HTTP_PROXY/HTTPS_PROXY)
[2025-06-08 15:50:01Z INFO HostContext] Well known directory 'Bin': '/Users/mkuma929/learning/Auto_job_applier_linkedIn/actions-runner/bin'
[2025-06-08 15:50:01Z INFO HostContext] Well known directory 'Root': '/Users/mkuma929/learning/Auto_job_applier_linkedIn/actions-runner'
[2025-06-08 15:50:01Z INFO HostContext] Well known config file 'Credentials': '/Users/mkuma929/learning/Auto_job_applier_linkedIn/actions-runner/.credentials'
[2025-06-08 15:50:01Z INFO HostContext] Well known directory 'Bin': '/Users/mkuma929/learning/Auto_job_applier_linkedIn/actions-runner/bin'
[2025-06-08 15:50:01Z INFO HostContext] Well known directory 'Root': '/Users/mkuma929/learning/Auto_job_applier_linkedIn/actions-runner'
[2025-06-08 15:50:01Z INFO HostContext] Well known config file 'Runner': '/Users/mkuma929/learning/Auto_job_applier_linkedIn/actions-runner/.runner'
[2025-06-08 15:50:01Z INFO Listener] Runner is built for OSX (X64) - osx-x64.
[2025-06-08 15:50:01Z INFO Listener] RuntimeInformation: Darwin 24.5.0 Darwin Kernel Version 24.5.0: Tue Apr 22 19:52:00 PDT 2025; root:xnu-11417.121.6~2/RELEASE_ARM64_T6031.
[2025-06-08 15:50:01Z INFO Listener] Version: 2.325.0
[2025-06-08 15:50:01Z INFO Listener] Commit: 71ed7cd46223bd5d61633445946813012b502d54
[2025-06-08 15:50:01Z INFO Listener] Culture: en-IN
[2025-06-08 15:50:01Z INFO Listener] UI Culture: en-IN
[2025-06-08 15:50:01Z INFO HostContext] Well known directory 'Bin': '/Users/mkuma929/learning/Auto_job_applier_linkedIn/actions-runner/bin'
[2025-06-08 15:50:01Z INFO HostContext] Well known directory 'Root': '/Users/mkuma929/learning/Auto_job_applier_linkedIn/actions-runner'
[2025-06-08 15:50:01Z INFO Listener] Validating directory permissions for: '/Users/mkuma929/learning/Auto_job_applier_linkedIn/actions-runner'
[2025-06-08 15:50:01Z INFO CommandLineParser] Parse
[2025-06-08 15:50:01Z INFO CommandLineParser] Parsing 3 args
[2025-06-08 15:50:01Z INFO CommandLineParser] parsing argument
[2025-06-08 15:50:01Z INFO CommandLineParser] HasArgs: False
[2025-06-08 15:50:01Z INFO CommandLineParser] Adding Command: run
[2025-06-08 15:50:01Z INFO CommandLineParser] parsing argument
[2025-06-08 15:50:01Z INFO CommandLineParser] HasArgs: True
[2025-06-08 15:50:01Z INFO CommandLineParser] arg: startuptype
[2025-06-08 15:50:01Z INFO CommandLineParser] parsing argument
[2025-06-08 15:50:01Z INFO CommandLineParser] HasArgs: True
[2025-06-08 15:50:01Z INFO CommandLineParser] Adding option 'startuptype': 'service'
[2025-06-08 15:50:01Z INFO Listener] Arguments parsed
[2025-06-08 15:50:01Z INFO Runner] ExecuteCommand
[2025-06-08 15:50:01Z INFO ConfigurationStore] currentAssemblyLocation: /Users/mkuma929/learning/Auto_job_applier_linkedIn/actions-runner/bin/Runner.Listener.dll
[2025-06-08 15:50:01Z INFO HostContext] Well known directory 'Bin': '/Users/mkuma929/learning/Auto_job_applier_linkedIn/actions-runner/bin'
[2025-06-08 15:50:01Z INFO ConfigurationStore] binPath: /Users/mkuma929/learning/Auto_job_applier_linkedIn/actions-runner/bin
[2025-06-08 15:50:01Z INFO HostContext] Well known directory 'Bin': '/Users/mkuma929/learning/Auto_job_applier_linkedIn/actions-runner/bin'
[2025-06-08 15:50:01Z INFO HostContext] Well known directory 'Root': '/Users/mkuma929/learning/Auto_job_applier_linkedIn/actions-runner'
[2025-06-08 15:50:01Z INFO ConfigurationStore] RootFolder: /Users/mkuma929/learning/Auto_job_applier_linkedIn/actions-runner
[2025-06-08 15:50:01Z INFO HostContext] Well known directory 'Bin': '/Users/mkuma929/learning/Auto_job_applier_linkedIn/actions-runner/bin'
[2025-06-08 15:50:01Z INFO HostContext] Well known directory 'Root': '/Users/mkuma929/learning/Auto_job_applier_linkedIn/actions-runner'
[2025-06-08 15:50:01Z INFO HostContext] Well known config file 'Runner': '/Users/mkuma929/learning/Auto_job_applier_linkedIn/actions-runner/.runner'
[2025-06-08 15:50:01Z INFO ConfigurationStore] ConfigFilePath: /Users/mkuma929/learning/Auto_job_applier_linkedIn/actions-runner/.runner
[2025-06-08 15:50:01Z INFO HostContext] Well known directory 'Bin': '/Users/mkuma929/learning/Auto_job_applier_linkedIn/actions-runner/bin'
[2025-06-08 15:50:01Z INFO HostContext] Well known directory 'Root': '/Users/mkuma929/learning/Auto_job_applier_linkedIn/actions-runner'
[2025-06-08 15:50:01Z INFO HostContext] Well known config file 'MigratedRunner': '/Users/mkuma929/learning/Auto_job_applier_linkedIn/actions-runner/.runner_migrated'
[2025-06-08 15:50:01Z INFO ConfigurationStore] MigratedConfigFilePath: /Users/mkuma929/learning/Auto_job_applier_linkedIn/actions-runner/.runner_migrated
[2025-06-08 15:50:01Z INFO HostContext] Well known directory 'Bin': '/Users/mkuma929/learning/Auto_job_applier_linkedIn/actions-runner/bin'
[2025-06-08 15:50:01Z INFO HostContext] Well known directory 'Root': '/Users/mkuma929/learning/Auto_job_applier_linkedIn/actions-runner'
[2025-06-08 15:50:01Z INFO HostContext] Well known config file 'Credentials': '/Users/mkuma929/learning/Auto_job_applier_linkedIn/actions-runner/.credentials'
[2025-06-08 15:50:01Z INFO ConfigurationStore] CredFilePath: /Users/mkuma929/learning/Auto_job_applier_linkedIn/actions-runner/.credentials
[2025-06-08 15:50:01Z INFO HostContext] Well known directory 'Bin': '/Users/mkuma929/learning/Auto_job_applier_linkedIn/actions-runner/bin'
[2025-06-08 15:50:01Z INFO HostContext] Well known directory 'Root': '/Users/mkuma929/learning/Auto_job_applier_linkedIn/actions-runner'
[2025-06-08 15:50:01Z INFO HostContext] Well known config file 'MigratedCredentials': '/Users/mkuma929/learning/Auto_job_applier_linkedIn/actions-runner/.credentials_migrated'
[2025-06-08 15:50:01Z INFO ConfigurationStore] MigratedCredFilePath: /Users/mkuma929/learning/Auto_job_applier_linkedIn/actions-runner/.credentials_migrated
[2025-06-08 15:50:01Z INFO HostContext] Well known directory 'Bin': '/Users/mkuma929/learning/Auto_job_applier_linkedIn/actions-runner/bin'
[2025-06-08 15:50:01Z INFO HostContext] Well known directory 'Root': '/Users/mkuma929/learning/Auto_job_applier_linkedIn/actions-runner'
[2025-06-08 15:50:01Z INFO HostContext] Well known config file 'Service': '/Users/mkuma929/learning/Auto_job_applier_linkedIn/actions-runner/.service'
[2025-06-08 15:50:01Z INFO ConfigurationStore] ServiceConfigFilePath: /Users/mkuma929/learning/Auto_job_applier_linkedIn/actions-runner/.service
[2025-06-08 15:50:01Z INFO CommandSettings] Flag 'help': 'False'
[2025-06-08 15:50:01Z INFO CommandSettings] Flag 'version': 'False'
[2025-06-08 15:50:01Z INFO CommandSettings] Flag 'commit': 'False'
[2025-06-08 15:50:01Z INFO CommandSettings] Flag 'check': 'False'
[2025-06-08 15:50:01Z INFO CommandSettings] Command 'configure': 'False'
[2025-06-08 15:50:01Z INFO CommandSettings] Command 'remove': 'False'
[2025-06-08 15:50:01Z INFO CommandSettings] Command 'warmup': 'False'
[2025-06-08 15:50:01Z INFO ConfigurationManager] LoadSettings
[2025-06-08 15:50:01Z INFO ConfigurationStore] IsConfigured()
[2025-06-08 15:50:01Z INFO ConfigurationStore] IsConfigured: True
[2025-06-08 15:50:01Z INFO ConfigurationManager] Is configured: True
[2025-06-08 15:50:01Z INFO ConfigurationStore] Read setting file: 397 chars
[2025-06-08 15:50:01Z INFO ConfigurationManager] Settings Loaded
[2025-06-08 15:50:01Z INFO ConfigurationStore] IsServiceConfigured()
[2025-06-08 15:50:01Z INFO ConfigurationStore] IsServiceConfigured: True
[2025-06-08 15:50:01Z INFO CommandSettings] Command 'run': 'True'
[2025-06-08 15:50:01Z INFO ConfigurationStore] IsConfigured()
[2025-06-08 15:50:01Z INFO ConfigurationStore] IsConfigured: True
[2025-06-08 15:50:01Z INFO ConfigurationManager] Is configured: True
[2025-06-08 15:50:01Z INFO Runner] Set runner startup type - Service
[2025-06-08 15:50:01Z INFO CommandSettings] Flag 'once': 'False'
[2025-06-08 15:50:01Z INFO CommandSettings] Flag 'once': 'False'
[2025-06-08 15:50:01Z INFO Runner] RunAsync
[2025-06-08 15:50:01Z INFO ConfigurationManager] LoadMigratedSettings
[2025-06-08 15:50:01Z INFO ConfigurationStore] IsMigratedConfigured()
[2025-06-08 15:50:01Z INFO ConfigurationStore] IsMigratedConfigured: False
[2025-06-08 15:50:01Z INFO Runner] Failed to load migrated settings: No migrated configuration found.
[2025-06-08 15:50:01Z INFO Runner] Falling back to original .runner settings
[2025-06-08 15:50:01Z INFO Runner] Using BrokerMessageListener
[2025-06-08 15:50:01Z INFO BrokerMessageListener] Using provided settings
[2025-06-08 15:50:01Z INFO BrokerMessageListener] {
  "AgentId": 2,
  "AgentName": "LAMU0G9P3H6JPGW",
  "PoolId": 1,
  "PoolName": "Default",
  "ServerUrl": "https://pipelinesghubeus9.actions.githubusercontent.com/f41TOVmSr8eXu24X2I0ezZmzGJ4bIeVCg1jhqJ0QUIr1FTdXvZ/",
  "GitHubUrl": "https://github.com/manish70158/LinkedJobApply",
  "WorkFolder": "./run.sh",
  "UseV2Flow": true,
  "ServerUrlV2": "https://broker.actions.githubusercontent.com/"
}
[2025-06-08 15:50:01Z INFO BrokerMessageListener] Loading Credentials
[2025-06-08 15:50:01Z INFO ConfigurationStore] HasCredentials()
[2025-06-08 15:50:01Z INFO ConfigurationStore] stored True
[2025-06-08 15:50:01Z INFO CredentialManager] GetCredentialProvider
[2025-06-08 15:50:01Z INFO CredentialManager] Creating type OAuth
[2025-06-08 15:50:01Z INFO CredentialManager] Creating credential type: OAuth
[2025-06-08 15:50:01Z INFO HostContext] Well known directory 'Bin': '/Users/mkuma929/learning/Auto_job_applier_linkedIn/actions-runner/bin'
[2025-06-08 15:50:01Z INFO HostContext] Well known directory 'Root': '/Users/mkuma929/learning/Auto_job_applier_linkedIn/actions-runner'
[2025-06-08 15:50:01Z INFO HostContext] Well known config file 'RSACredentials': '/Users/mkuma929/learning/Auto_job_applier_linkedIn/actions-runner/.credentials_rsaparams'
[2025-06-08 15:50:01Z INFO RSAFileKeyManager] Loading RSA key parameters from file /Users/mkuma929/learning/Auto_job_applier_linkedIn/actions-runner/.credentials_rsaparams
[2025-06-08 15:50:01Z INFO BrokerMessageListener] Attempt to create session.
[2025-06-08 15:50:01Z INFO BrokerMessageListener] Connecting to the Broker Server...
[2025-06-08 15:50:01Z INFO ConfigurationStore] HasCredentials()
[2025-06-08 15:50:01Z INFO ConfigurationStore] stored True
[2025-06-08 15:50:01Z INFO CredentialManager] GetCredentialProvider
[2025-06-08 15:50:01Z INFO CredentialManager] Creating type OAuth
[2025-06-08 15:50:01Z INFO CredentialManager] Creating credential type: OAuth
[2025-06-08 15:50:01Z INFO RSAFileKeyManager] Loading RSA key parameters from file /Users/mkuma929/learning/Auto_job_applier_linkedIn/actions-runner/.credentials_rsaparams
[2025-06-08 15:50:01Z INFO BrokerMessageListener] VssConnection created
[2025-06-08 15:50:01Z INFO BrokerMessageListener] Connecting to the Runner server...
[2025-06-08 15:50:01Z INFO RunnerServer] EstablishVssConnection
[2025-06-08 15:50:01Z INFO RunnerServer] Establish connection with 100 seconds timeout.
[2025-06-08 15:50:01Z INFO GitHubActionsService] Starting operation Location.GetConnectionData
[2025-06-08 15:50:01Z INFO RunnerServer] EstablishVssConnection
[2025-06-08 15:50:01Z INFO RunnerServer] Establish connection with 60 seconds timeout.
[2025-06-08 15:50:01Z INFO GitHubActionsService] Starting operation Location.GetConnectionData
[2025-06-08 15:50:01Z INFO RunnerServer] EstablishVssConnection
[2025-06-08 15:50:01Z INFO RunnerServer] Establish connection with 60 seconds timeout.
[2025-06-08 15:50:01Z INFO GitHubActionsService] Starting operation Location.GetConnectionData
[2025-06-08 15:50:03Z INFO GitHubActionsService] Finished operation Location.GetConnectionData
[2025-06-08 15:50:03Z INFO GitHubActionsService] Finished operation Location.GetConnectionData
[2025-06-08 15:50:03Z INFO GitHubActionsService] Finished operation Location.GetConnectionData
[2025-06-08 15:50:03Z INFO BrokerMessageListener] VssConnection created
[2025-06-08 15:50:03Z INFO Terminal] WRITE LINE: 
[2025-06-08 15:50:03Z INFO Terminal] WRITE LINE: 
[2025-06-08 15:50:03Z INFO RSAFileKeyManager] Loading RSA key parameters from file /Users/mkuma929/learning/Auto_job_applier_linkedIn/actions-runner/.credentials_rsaparams
[2025-06-08 15:50:03Z INFO RSAFileKeyManager] Loading RSA key parameters from file /Users/mkuma929/learning/Auto_job_applier_linkedIn/actions-runner/.credentials_rsaparams
[2025-06-08 15:50:05Z INFO GitHubActionsService] AAD Correlation ID for this token request: Unknown
[2025-06-08 15:50:07Z INFO BrokerMessageListener] Session created.
[2025-06-08 15:50:07Z INFO Terminal] WRITE LINE: Current runner version: '2.325.0'
[2025-06-08 15:50:07Z INFO Terminal] WRITE LINE: 2025-06-08 15:50:07Z: Listening for Jobs
[2025-06-08 15:50:07Z INFO JobDispatcher] Set runner/worker IPC timeout to 30 seconds.
[2025-06-08 15:52:17Z INFO ConfigurationStore] HasCredentials()
[2025-06-08 15:52:17Z INFO ConfigurationStore] stored True
[2025-06-08 15:52:17Z INFO CredentialManager] GetCredentialProvider
[2025-06-08 15:52:17Z INFO CredentialManager] Creating type OAuth
[2025-06-08 15:52:17Z INFO CredentialManager] Creating credential type: OAuth
[2025-06-08 15:52:17Z INFO RSAFileKeyManager] Loading RSA key parameters from file /Users/mkuma929/learning/Auto_job_applier_linkedIn/actions-runner/.credentials_rsaparams
[2025-06-08 15:52:17Z INFO RSAFileKeyManager] Loading RSA key parameters from file /Users/mkuma929/learning/Auto_job_applier_linkedIn/actions-runner/.credentials_rsaparams
[2025-06-08 15:52:17Z INFO RSAFileKeyManager] Loading RSA key parameters from file /Users/mkuma929/learning/Auto_job_applier_linkedIn/actions-runner/.credentials_rsaparams
[2025-06-08 15:52:18Z INFO GitHubActionsService] AAD Correlation ID for this token request: Unknown
[2025-06-08 15:52:22Z INFO JobDispatcher] Job request 0 for plan e8faad93-bd34-49bd-8b9e-d249eaa9747b job 592170c4-9b56-5ee6-a621-dec3b82ddb34 received.
[2025-06-08 15:52:22Z INFO BrokerMessageListener] Received job status event. JobState: Busy
[2025-06-08 15:52:22Z INFO BrokerMessageListener] _getMessagesTokenSource is already disposed.
[2025-06-08 15:52:22Z INFO Terminal] WRITE LINE: 2025-06-08 15:52:22Z: Running job: job_application
[2025-06-08 15:52:22Z INFO JobDispatcher] Start renew job request 0 for job 592170c4-9b56-5ee6-a621-dec3b82ddb34.
[2025-06-08 15:52:23Z INFO JobDispatcher] Successfully renew job 592170c4-9b56-5ee6-a621-dec3b82ddb34, job is valid till 08/06/2025 4:02:23 PM
[2025-06-08 15:52:23Z INFO HostContext] Well known directory 'Bin': '/Users/mkuma929/learning/Auto_job_applier_linkedIn/actions-runner/bin'
[2025-06-08 15:52:23Z INFO ProcessInvokerWrapper] Starting process:
[2025-06-08 15:52:23Z INFO ProcessInvokerWrapper]   File name: '/Users/mkuma929/learning/Auto_job_applier_linkedIn/actions-runner/bin/Runner.Worker'
[2025-06-08 15:52:23Z INFO ProcessInvokerWrapper]   Arguments: 'spawnclient 149 152'
[2025-06-08 15:52:23Z INFO ProcessInvokerWrapper]   Working directory: '/Users/mkuma929/learning/Auto_job_applier_linkedIn/actions-runner/bin'
[2025-06-08 15:52:23Z INFO ProcessInvokerWrapper]   Require exit code zero: 'False'
[2025-06-08 15:52:23Z INFO ProcessInvokerWrapper]   Encoding web name:  ; code page: ''
[2025-06-08 15:52:23Z INFO ProcessInvokerWrapper]   Force kill process on cancellation: 'True'
[2025-06-08 15:52:23Z INFO ProcessInvokerWrapper]   Redirected STDIN: 'False'
[2025-06-08 15:52:23Z INFO ProcessInvokerWrapper]   Persist current code page: 'False'
[2025-06-08 15:52:23Z INFO ProcessInvokerWrapper]   Keep redirected STDIN open: 'False'
[2025-06-08 15:52:23Z INFO ProcessInvokerWrapper]   High priority process: 'True'
[2025-06-08 15:52:23Z INFO ProcessInvokerWrapper] Process started with process id 97246, waiting for process exit.
[2025-06-08 15:52:23Z INFO JobDispatcher] Send job request message to worker for job 592170c4-9b56-5ee6-a621-dec3b82ddb34.
[2025-06-08 15:52:23Z INFO ProcessChannel] Sending message of length 20265, with hash 'c9a30ceda88a35a90ba2eaff7bb0a2c7e2e8cb884f85a7e72bf227be495e15b0'
[2025-06-08 15:52:23Z INFO JobNotification] Entering JobStarted Notification
[2025-06-08 15:52:23Z INFO JobNotification] Entering StartMonitor
[2025-06-08 15:52:42Z INFO ProcessInvokerWrapper] STDOUT/STDERR stream read finished.
[2025-06-08 15:52:42Z INFO ProcessInvokerWrapper] STDOUT/STDERR stream read finished.
[2025-06-08 15:52:42Z INFO ProcessInvokerWrapper] Finished process 97246 with exit code 102, and elapsed time 00:00:19.0748181.
[2025-06-08 15:52:42Z INFO JobDispatcher] Worker finished for job 592170c4-9b56-5ee6-a621-dec3b82ddb34. Code: 102
[2025-06-08 15:52:42Z INFO JobDispatcher] finish job request for job 592170c4-9b56-5ee6-a621-dec3b82ddb34 with result: Failed
[2025-06-08 15:52:42Z INFO Terminal] WRITE LINE: 2025-06-08 15:52:42Z: Job job_application completed with result: Failed
[2025-06-08 15:52:42Z INFO JobDispatcher] Stop renew job request for job 592170c4-9b56-5ee6-a621-dec3b82ddb34.
[2025-06-08 15:52:42Z INFO JobDispatcher] job renew has been cancelled, stop renew job 592170c4-9b56-5ee6-a621-dec3b82ddb34.
[2025-06-08 15:52:42Z INFO JobNotification] Entering JobCompleted Notification
[2025-06-08 15:52:42Z INFO JobNotification] Entering EndMonitor
[2025-06-08 15:52:42Z INFO BrokerMessageListener] Received job status event. JobState: Online
[2025-06-08 15:52:42Z WARN GitHubActionsService] GET request to https://broker.actions.githubusercontent.com/message?sessionId=48aa560a-84bf-4538-8695-f91ebf6a8612&status=Busy&runnerVersion=2.325.0&os=macOS&architecture=X64&disableUpdate=false has been cancelled.
[2025-06-08 15:52:42Z ERR  BrokerServer] Catch exception during request
[2025-06-08 15:52:42Z ERR  BrokerServer] System.Threading.Tasks.TaskCanceledException: The operation was canceled.
 ---> System.Threading.Tasks.TaskCanceledException: The operation was canceled.
 ---> System.IO.IOException: Unable to read data from the transport connection: Operation canceled.
 ---> System.Net.Sockets.SocketException (89): Operation canceled
   --- End of inner exception stack trace ---
   at System.Net.Sockets.Socket.AwaitableSocketAsyncEventArgs.ThrowException(SocketError error, CancellationToken cancellationToken)
   at System.Net.Sockets.Socket.AwaitableSocketAsyncEventArgs.System.Threading.Tasks.Sources.IValueTaskSource<System.Int32>.GetResult(Int16 token)
   at System.Net.Http.HttpConnection.ReadAsync(Memory`1 destination)
   at System.Net.Http.HttpConnection.RawConnectionStream.ReadAsync(Memory`1 buffer, CancellationToken cancellationToken)
   at System.Runtime.CompilerServices.PoolingAsyncValueTaskMethodBuilder`1.StateMachineBox`1.System.Threading.Tasks.Sources.IValueTaskSource<TResult>.GetResult(Int16 token)
   at System.Net.Security.SslStream.EnsureFullTlsFrameAsync[TIOAdapter](CancellationToken cancellationToken, Int32 estimatedSize)
   at System.Runtime.CompilerServices.PoolingAsyncValueTaskMethodBuilder`1.StateMachineBox`1.System.Threading.Tasks.Sources.IValueTaskSource<TResult>.GetResult(Int16 token)
   at System.Net.Security.SslStream.ReadAsyncInternal[TIOAdapter](Memory`1 buffer, CancellationToken cancellationToken)
   at System.Runtime.CompilerServices.PoolingAsyncValueTaskMethodBuilder`1.StateMachineBox`1.System.Threading.Tasks.Sources.IValueTaskSource<TResult>.GetResult(Int16 token)
   at System.Net.Http.HttpConnection.<EnsureReadAheadTaskHasStarted>g__ReadAheadWithZeroByteReadAsync|40_0()
   at System.Net.Http.HttpConnection.SendAsync(HttpRequestMessage request, Boolean async, CancellationToken cancellationToken)
   --- End of inner exception stack trace ---
   at System.Net.Http.HttpConnection.SendAsync(HttpRequestMessage request, Boolean async, CancellationToken cancellationToken)
   at System.Net.Http.AuthenticationHelper.SendWithNtAuthAsync(HttpRequestMessage request, Uri authUri, Boolean async, ICredentials credentials, Boolean isProxyAuth, HttpConnection connection, HttpConnectionPool connectionPool, CancellationToken cancellationToken)
   at System.Net.Http.HttpConnectionPool.SendWithVersionDetectionAndRetryAsync(HttpRequestMessage request, Boolean async, Boolean doRequestAuth, CancellationToken cancellationToken)
   at System.Net.Http.AuthenticationHelper.SendWithAuthAsync(HttpRequestMessage request, Uri authUri, Boolean async, ICredentials credentials, Boolean preAuthenticate, Boolean isProxyAuth, Boolean doRequestAuth, HttpConnectionPool pool, CancellationToken cancellationToken)
   at System.Net.Http.RedirectHandler.SendAsync(HttpRequestMessage request, Boolean async, CancellationToken cancellationToken)
   at GitHub.Services.Common.RawHttpMessageHandler.SendAsync(HttpRequestMessage request, CancellationToken cancellationToken)
   at GitHub.Services.Common.VssHttpRetryMessageHandler.SendAsync(HttpRequestMessage request, CancellationToken cancellationToken)
   at System.Net.Http.HttpClient.<SendAsync>g__Core|83_0(HttpRequestMessage request, HttpCompletionOption completionOption, CancellationTokenSource cts, Boolean disposeCts, CancellationTokenSource pendingRequestsCts, CancellationToken originalCancellationToken)
   --- End of inner exception stack trace ---
   at System.Net.Http.HttpClient.HandleFailure(Exception e, Boolean telemetryStarted, HttpResponseMessage response, CancellationTokenSource cts, CancellationToken cancellationToken, CancellationTokenSource pendingRequestsCts)
   at System.Net.Http.HttpClient.<SendAsync>g__Core|83_0(HttpRequestMessage request, HttpCompletionOption completionOption, CancellationTokenSource cts, Boolean disposeCts, CancellationTokenSource pendingRequestsCts, CancellationToken originalCancellationToken)
   at Sdk.WebApi.WebApi.RawHttpClientBase.SendAsync(HttpRequestMessage message, HttpCompletionOption completionOption, Object userState, CancellationToken cancellationToken)
   at Sdk.WebApi.WebApi.RawHttpClientBase.SendAsync[T](HttpRequestMessage message, Boolean readErrorBody, Object userState, CancellationToken cancellationToken)
   at Sdk.WebApi.WebApi.RawHttpClientBase.SendAsync[T](HttpMethod method, IEnumerable`1 additionalHeaders, Uri requestUri, HttpContent content, IEnumerable`1 queryParameters, Boolean readErrorBody, Object userState, CancellationToken cancellationToken)
   at GitHub.Actions.RunService.WebApi.BrokerHttpClient.GetRunnerMessageAsync(Nullable`1 sessionId, String runnerVersion, Nullable`1 status, String os, String architecture, Nullable`1 disableUpdate, CancellationToken cancellationToken)
   at GitHub.Runner.Common.BrokerServer.<>c__DisplayClass7_0.<<GetRunnerMessageAsync>b__0>d.MoveNext()
--- End of stack trace from previous location ---
   at GitHub.Runner.Common.RunnerService.RetryRequest[T](Func`1 func, CancellationToken cancellationToken, Int32 maxRetryAttemptsCount, Func`2 shouldRetry)
[2025-06-08 15:52:42Z ERR  BrokerServer] #####################################################
[2025-06-08 15:52:42Z ERR  BrokerServer] System.Threading.Tasks.TaskCanceledException: The operation was canceled.
 ---> System.IO.IOException: Unable to read data from the transport connection: Operation canceled.
 ---> System.Net.Sockets.SocketException (89): Operation canceled
   --- End of inner exception stack trace ---
   at System.Net.Sockets.Socket.AwaitableSocketAsyncEventArgs.ThrowException(SocketError error, CancellationToken cancellationToken)
   at System.Net.Sockets.Socket.AwaitableSocketAsyncEventArgs.System.Threading.Tasks.Sources.IValueTaskSource<System.Int32>.GetResult(Int16 token)
   at System.Net.Http.HttpConnection.ReadAsync(Memory`1 destination)
   at System.Net.Http.HttpConnection.RawConnectionStream.ReadAsync(Memory`1 buffer, CancellationToken cancellationToken)
   at System.Runtime.CompilerServices.PoolingAsyncValueTaskMethodBuilder`1.StateMachineBox`1.System.Threading.Tasks.Sources.IValueTaskSource<TResult>.GetResult(Int16 token)
   at System.Net.Security.SslStream.EnsureFullTlsFrameAsync[TIOAdapter](CancellationToken cancellationToken, Int32 estimatedSize)
   at System.Runtime.CompilerServices.PoolingAsyncValueTaskMethodBuilder`1.StateMachineBox`1.System.Threading.Tasks.Sources.IValueTaskSource<TResult>.GetResult(Int16 token)
   at System.Net.Security.SslStream.ReadAsyncInternal[TIOAdapter](Memory`1 buffer, CancellationToken cancellationToken)
   at System.Runtime.CompilerServices.PoolingAsyncValueTaskMethodBuilder`1.StateMachineBox`1.System.Threading.Tasks.Sources.IValueTaskSource<TResult>.GetResult(Int16 token)
   at System.Net.Http.HttpConnection.<EnsureReadAheadTaskHasStarted>g__ReadAheadWithZeroByteReadAsync|40_0()
   at System.Net.Http.HttpConnection.SendAsync(HttpRequestMessage request, Boolean async, CancellationToken cancellationToken)
   --- End of inner exception stack trace ---
   at System.Net.Http.HttpConnection.SendAsync(HttpRequestMessage request, Boolean async, CancellationToken cancellationToken)
   at System.Net.Http.AuthenticationHelper.SendWithNtAuthAsync(HttpRequestMessage request, Uri authUri, Boolean async, ICredentials credentials, Boolean isProxyAuth, HttpConnection connection, HttpConnectionPool connectionPool, CancellationToken cancellationToken)
   at System.Net.Http.HttpConnectionPool.SendWithVersionDetectionAndRetryAsync(HttpRequestMessage request, Boolean async, Boolean doRequestAuth, CancellationToken cancellationToken)
   at System.Net.Http.AuthenticationHelper.SendWithAuthAsync(HttpRequestMessage request, Uri authUri, Boolean async, ICredentials credentials, Boolean preAuthenticate, Boolean isProxyAuth, Boolean doRequestAuth, HttpConnectionPool pool, CancellationToken cancellationToken)
   at System.Net.Http.RedirectHandler.SendAsync(HttpRequestMessage request, Boolean async, CancellationToken cancellationToken)
   at GitHub.Services.Common.RawHttpMessageHandler.SendAsync(HttpRequestMessage request, CancellationToken cancellationToken)
   at GitHub.Services.Common.VssHttpRetryMessageHandler.SendAsync(HttpRequestMessage request, CancellationToken cancellationToken)
   at System.Net.Http.HttpClient.<SendAsync>g__Core|83_0(HttpRequestMessage request, HttpCompletionOption completionOption, CancellationTokenSource cts, Boolean disposeCts, CancellationTokenSource pendingRequestsCts, CancellationToken originalCancellationToken)
[2025-06-08 15:52:42Z ERR  BrokerServer] #####################################################
[2025-06-08 15:52:42Z ERR  BrokerServer] System.IO.IOException: Unable to read data from the transport connection: Operation canceled.
 ---> System.Net.Sockets.SocketException (89): Operation canceled
   --- End of inner exception stack trace ---
   at System.Net.Sockets.Socket.AwaitableSocketAsyncEventArgs.ThrowException(SocketError error, CancellationToken cancellationToken)
   at System.Net.Sockets.Socket.AwaitableSocketAsyncEventArgs.System.Threading.Tasks.Sources.IValueTaskSource<System.Int32>.GetResult(Int16 token)
   at System.Net.Http.HttpConnection.ReadAsync(Memory`1 destination)
   at System.Net.Http.HttpConnection.RawConnectionStream.ReadAsync(Memory`1 buffer, CancellationToken cancellationToken)
   at System.Runtime.CompilerServices.PoolingAsyncValueTaskMethodBuilder`1.StateMachineBox`1.System.Threading.Tasks.Sources.IValueTaskSource<TResult>.GetResult(Int16 token)
   at System.Net.Security.SslStream.EnsureFullTlsFrameAsync[TIOAdapter](CancellationToken cancellationToken, Int32 estimatedSize)
   at System.Runtime.CompilerServices.PoolingAsyncValueTaskMethodBuilder`1.StateMachineBox`1.System.Threading.Tasks.Sources.IValueTaskSource<TResult>.GetResult(Int16 token)
   at System.Net.Security.SslStream.ReadAsyncInternal[TIOAdapter](Memory`1 buffer, CancellationToken cancellationToken)
   at System.Runtime.CompilerServices.PoolingAsyncValueTaskMethodBuilder`1.StateMachineBox`1.System.Threading.Tasks.Sources.IValueTaskSource<TResult>.GetResult(Int16 token)
   at System.Net.Http.HttpConnection.<EnsureReadAheadTaskHasStarted>g__ReadAheadWithZeroByteReadAsync|40_0()
   at System.Net.Http.HttpConnection.SendAsync(HttpRequestMessage request, Boolean async, CancellationToken cancellationToken)
[2025-06-08 15:52:42Z ERR  BrokerServer] #####################################################
[2025-06-08 15:52:42Z ERR  BrokerServer] System.Net.Sockets.SocketException (89): Operation canceled
[2025-06-08 15:52:42Z WARN BrokerServer] Back off 9.22 seconds before next retry. 4 attempt left.
[2025-06-08 15:52:42Z INFO BrokerMessageListener] Get messages has been cancelled using local token source. Continue to get messages with new status.
